running develop
running egg_info
creating agv_controller.egg-info
writing agv_controller.egg-info/PKG-INFO
writing dependency_links to agv_controller.egg-info/dependency_links.txt
writing entry points to agv_controller.egg-info/entry_points.txt
writing requirements to agv_controller.egg-info/requires.txt
writing top-level names to agv_controller.egg-info/top_level.txt
writing manifest file 'agv_controller.egg-info/SOURCES.txt'
reading manifest file 'agv_controller.egg-info/SOURCES.txt'
writing manifest file 'agv_controller.egg-info/SOURCES.txt'
running build_ext
Creating /home/dinhsieu/turtlebot3_pi_ws/install/agv_controller/lib/python3.10/site-packages/agv-controller.egg-link (link to .)
Installing robot_controller script to /home/dinhsieu/turtlebot3_pi_ws/install/agv_controller/lib/agv_controller

Installed /home/dinhsieu/turtlebot3_pi_ws/build/agv_controller
running symlink_data
creating /home/dinhsieu/turtlebot3_pi_ws/install/agv_controller/share/ament_index
creating /home/dinhsieu/turtlebot3_pi_ws/install/agv_controller/share/ament_index/resource_index
creating /home/dinhsieu/turtlebot3_pi_ws/install/agv_controller/share/ament_index/resource_index/packages
symbolically linking /home/dinhsieu/turtlebot3_pi_ws/build/agv_controller/resource/agv_controller -> /home/dinhsieu/turtlebot3_pi_ws/install/agv_controller/share/ament_index/resource_index/packages
symbolically linking /home/dinhsieu/turtlebot3_pi_ws/build/agv_controller/package.xml -> /home/dinhsieu/turtlebot3_pi_ws/install/agv_controller/share/agv_controller
creating /home/dinhsieu/turtlebot3_pi_ws/install/agv_controller/share/agv_controller/launch
creating /home/dinhsieu/turtlebot3_pi_ws/install/agv_controller/share/agv_controller/config
