[2.978s] Invoking command in '/home/dinhsieu/turtlebot3_pi_ws/build/agv_controller': PYTHONPATH=/home/dinhsieu/turtlebot3_pi_ws/build/agv_controller/prefix_override:/usr/lib/python3/dist-packages/colcon_core/task/python/colcon_distutils_commands:/home/dinhsieu/turtlebot3_pi_ws/install/agv_controller/lib/python3.10/site-packages:${PYTHONPATH} /usr/bin/python3 -W ignore:setup.py install is deprecated -W ignore:easy_install command is deprecated setup.py develop --editable --build-directory /home/dinhsieu/turtlebot3_pi_ws/build/agv_controller/build --no-deps symlink_data
[4.228s] running develop
[4.926s] running egg_info
[4.929s] creating agv_controller.egg-info
[4.929s] writing agv_controller.egg-info/PKG-INFO
[4.930s] writing dependency_links to agv_controller.egg-info/dependency_links.txt
[4.931s] writing entry points to agv_controller.egg-info/entry_points.txt
[4.932s] writing requirements to agv_controller.egg-info/requires.txt
[4.934s] writing top-level names to agv_controller.egg-info/top_level.txt
[4.934s] writing manifest file 'agv_controller.egg-info/SOURCES.txt'
[4.939s] reading manifest file 'agv_controller.egg-info/SOURCES.txt'
[4.941s] writing manifest file 'agv_controller.egg-info/SOURCES.txt'
[4.948s] running build_ext
[4.948s] Creating /home/dinhsieu/turtlebot3_pi_ws/install/agv_controller/lib/python3.10/site-packages/agv-controller.egg-link (link to .)
[4.952s] Installing robot_controller script to /home/dinhsieu/turtlebot3_pi_ws/install/agv_controller/lib/agv_controller
[4.954s] 
[4.955s] Installed /home/dinhsieu/turtlebot3_pi_ws/build/agv_controller
[4.956s] running symlink_data
[4.956s] creating /home/dinhsieu/turtlebot3_pi_ws/install/agv_controller/share/ament_index
[4.957s] creating /home/dinhsieu/turtlebot3_pi_ws/install/agv_controller/share/ament_index/resource_index
[4.957s] creating /home/dinhsieu/turtlebot3_pi_ws/install/agv_controller/share/ament_index/resource_index/packages
[4.958s] symbolically linking /home/dinhsieu/turtlebot3_pi_ws/build/agv_controller/resource/agv_controller -> /home/dinhsieu/turtlebot3_pi_ws/install/agv_controller/share/ament_index/resource_index/packages
[4.959s] symbolically linking /home/dinhsieu/turtlebot3_pi_ws/build/agv_controller/package.xml -> /home/dinhsieu/turtlebot3_pi_ws/install/agv_controller/share/agv_controller
[4.960s] creating /home/dinhsieu/turtlebot3_pi_ws/install/agv_controller/share/agv_controller/launch
[4.961s] creating /home/dinhsieu/turtlebot3_pi_ws/install/agv_controller/share/agv_controller/config
[5.098s] Invoked command in '/home/dinhsieu/turtlebot3_pi_ws/build/agv_controller' returned '0': PYTHONPATH=/home/dinhsieu/turtlebot3_pi_ws/build/agv_controller/prefix_override:/usr/lib/python3/dist-packages/colcon_core/task/python/colcon_distutils_commands:/home/dinhsieu/turtlebot3_pi_ws/install/agv_controller/lib/python3.10/site-packages:${PYTHONPATH} /usr/bin/python3 -W ignore:setup.py install is deprecated -W ignore:easy_install command is deprecated setup.py develop --editable --build-directory /home/dinhsieu/turtlebot3_pi_ws/build/agv_controller/build --no-deps symlink_data
